2026-02-03 23:21:30 - beton_tasarim - INFO - Uygulama başlatıldı.
2026-02-03 23:22:04 - beton_tasarim - INFO - Uygulama başlatıldı.
2026-02-03 23:23:20 - beton_tasarim - INFO - Uygulama başlatıldı.
2026-02-03 23:23:27 - beton_tasarim - INFO - Uygulama başlatıldı.
2026-02-03 23:23:32 - beton_tasarim - INFO - Uygulama başlatıldı.
2026-02-03 23:23:32 - beton_tasarim - INFO - Uygulama başlatıldı.
2026-02-03 23:23:32 - beton_tasarim - INFO - Kullanıcı girişi başarılı: hsyndymz
2026-02-03 23:23:32 - beton_tasarim - INFO - Uygulama başlatıldı.
2026-02-03 23:23:34 - beton_tasarim - INFO - Uygulama başlatıldı.
2026-02-03 23:23:34 - beton_tasarim - INFO - Uygulama başlatıldı.
2026-02-03 23:23:38 - beton_tasarim - DEBUG - [User:hsyndymz] Tab 1 rendered
2026-02-03 23:23:38 - beton_tasarim - DEBUG - Cache set for calculate_theoretical_mpa
2026-02-03 23:23:38 - beton_tasarim - DEBUG - Cache set for get_std_limits
2026-02-03 23:23:38 - beton_tasarim - DEBUG - Cache set for get_std_limits
2026-02-03 23:23:38 - beton_tasarim - DEBUG - Cache set for get_std_limits
2026-02-03 23:23:38 - beton_tasarim - DEBUG - Cache hit for get_std_limits
2026-02-03 23:23:41 - beton_tasarim - INFO - Uygulama başlatıldı.
2026-02-03 23:23:41 - beton_tasarim - DEBUG - [User:hsyndymz] Tab 1 rendered
2026-02-03 23:23:41 - beton_tasarim - DEBUG - Cache set for calculate_theoretical_mpa
2026-02-03 23:23:41 - beton_tasarim - DEBUG - Cache set for get_std_limits
2026-02-03 23:23:41 - beton_tasarim - DEBUG - Cache set for get_std_limits
2026-02-03 23:23:41 - beton_tasarim - DEBUG - Cache set for get_std_limits
2026-02-03 23:23:41 - beton_tasarim - DEBUG - Cache hit for get_std_limits
2026-02-03 23:23:43 - beton_tasarim - INFO - Uygulama başlatıldı.
2026-02-03 23:23:43 - beton_tasarim - DEBUG - [User:hsyndymz] Tab 1 rendered
2026-02-03 23:23:43 - beton_tasarim - DEBUG - Cache hit for calculate_theoretical_mpa
2026-02-03 23:23:43 - beton_tasarim - DEBUG - Cache hit for get_std_limits
2026-02-03 23:23:43 - beton_tasarim - DEBUG - Cache hit for get_std_limits
2026-02-03 23:23:43 - beton_tasarim - DEBUG - Cache hit for get_std_limits
2026-02-03 23:23:43 - beton_tasarim - DEBUG - Cache hit for get_std_limits
2026-02-03 23:23:47 - beton_tasarim - INFO - Uygulama başlatıldı.
2026-02-03 23:23:47 - beton_tasarim - DEBUG - [User:hsyndymz] Tab 1 rendered
2026-02-03 23:23:47 - beton_tasarim - DEBUG - Cache hit for calculate_theoretical_mpa
2026-02-03 23:23:47 - beton_tasarim - DEBUG - Cache hit for get_std_limits
2026-02-03 23:23:47 - beton_tasarim - DEBUG - Cache hit for get_std_limits
2026-02-03 23:23:47 - beton_tasarim - DEBUG - Cache hit for get_std_limits
2026-02-03 23:23:47 - beton_tasarim - DEBUG - Cache hit for get_std_limits
2026-02-03 23:23:49 - beton_tasarim - INFO - Uygulama başlatıldı.
2026-02-03 23:23:49 - beton_tasarim - DEBUG - [User:hsyndymz] Tab 1 rendered
2026-02-03 23:23:49 - beton_tasarim - DEBUG - Cache set for calculate_theoretical_mpa
2026-02-03 23:23:49 - beton_tasarim - DEBUG - Cache hit for get_std_limits
2026-02-03 23:23:49 - beton_tasarim - DEBUG - Cache hit for get_std_limits
2026-02-03 23:23:49 - beton_tasarim - DEBUG - Cache hit for get_std_limits
2026-02-03 23:23:50 - beton_tasarim - DEBUG - Cache hit for get_std_limits
2026-02-03 23:23:53 - beton_tasarim - INFO - Uygulama başlatıldı.
2026-02-03 23:23:53 - beton_tasarim - DEBUG - [User:hsyndymz] Tab 1 rendered
2026-02-03 23:23:53 - beton_tasarim - DEBUG - Cache hit for calculate_theoretical_mpa
2026-02-03 23:23:53 - beton_tasarim - DEBUG - Cache hit for get_std_limits
2026-02-03 23:23:53 - beton_tasarim - DEBUG - Cache hit for get_std_limits
2026-02-03 23:23:53 - beton_tasarim - DEBUG - Cache hit for get_std_limits
2026-02-03 23:23:53 - beton_tasarim - DEBUG - Cache hit for get_std_limits
2026-02-03 23:23:58 - beton_tasarim - INFO - Uygulama başlatıldı.
2026-02-03 23:23:58 - beton_tasarim - DEBUG - [User:hsyndymz] Tab 1 rendered
2026-02-03 23:23:58 - beton_tasarim - DEBUG - Cache hit for calculate_theoretical_mpa
2026-02-03 23:23:58 - beton_tasarim - DEBUG - Cache hit for get_std_limits
2026-02-03 23:23:58 - beton_tasarim - DEBUG - Cache hit for get_std_limits
2026-02-03 23:23:58 - beton_tasarim - DEBUG - Cache hit for get_std_limits
2026-02-03 23:23:58 - beton_tasarim - DEBUG - Cache hit for get_std_limits
2026-02-03 23:26:29 - beton_tasarim - INFO - Uygulama başlatıldı.
2026-02-03 23:26:34 - beton_tasarim - INFO - Uygulama başlatıldı.
2026-02-03 23:26:39 - beton_tasarim - INFO - Uygulama başlatıldı.
2026-02-03 23:26:39 - beton_tasarim - INFO - Uygulama başlatıldı.
2026-02-03 23:26:39 - beton_tasarim - INFO - Kullanıcı girişi başarılı: hsyndymz
2026-02-03 23:26:39 - beton_tasarim - INFO - Uygulama başlatıldı.
2026-02-03 23:26:42 - beton_tasarim - INFO - Uygulama başlatıldı.
2026-02-03 23:26:43 - beton_tasarim - INFO - Uygulama başlatıldı.
2026-02-03 23:26:43 - beton_tasarim - INFO - Uygulama başlatıldı.
2026-02-03 23:26:43 - beton_tasarim - INFO - [User:hsyndymz] Kurumsal analiz yapıldı. Santral sayısı: 3
2026-02-03 23:26:55 - beton_tasarim - INFO - Uygulama başlatıldı.
2026-02-03 23:26:55 - beton_tasarim - INFO - [User:hsyndymz] Kurumsal analiz yapıldı. Santral sayısı: 2
2026-02-03 23:26:56 - beton_tasarim - INFO - Uygulama başlatıldı.
2026-02-03 23:26:56 - beton_tasarim - INFO - [User:hsyndymz] Kurumsal analiz yapıldı. Santral sayısı: 1
2026-02-03 23:27:04 - beton_tasarim - INFO - Uygulama başlatıldı.
2026-02-03 23:27:04 - beton_tasarim - INFO - [User:hsyndymz] Kurumsal analiz yapıldı. Santral sayısı: 2
2026-02-03 23:27:05 - beton_tasarim - INFO - Uygulama başlatıldı.
2026-02-03 23:27:05 - beton_tasarim - INFO - [User:hsyndymz] Kurumsal analiz yapıldı. Santral sayısı: 3
2026-02-03 23:27:12 - beton_tasarim - INFO - Uygulama başlatıldı.
2026-02-03 23:27:13 - beton_tasarim - INFO - [User:hsyndymz] Kurumsal analiz yapıldı. Santral sayısı: 2
2026-02-03 23:27:13 - beton_tasarim - INFO - Uygulama başlatıldı.
2026-02-03 23:27:13 - beton_tasarim - INFO - [User:hsyndymz] Kurumsal analiz yapıldı. Santral sayısı: 1
2026-02-03 23:27:14 - beton_tasarim - INFO - Uygulama başlatıldı.
2026-02-03 23:27:16 - beton_tasarim - INFO - Uygulama başlatıldı.
2026-02-03 23:27:17 - beton_tasarim - INFO - [User:hsyndymz] Kurumsal analiz yapıldı. Santral sayısı: 1
2026-02-03 23:30:55 - beton_tasarim - INFO - Uygulama başlatıldı.
2026-02-03 23:31:00 - beton_tasarim - INFO - Uygulama başlatıldı.
2026-02-03 23:31:04 - beton_tasarim - INFO - Uygulama başlatıldı.
2026-02-03 23:31:05 - beton_tasarim - INFO - Uygulama başlatıldı.
2026-02-03 23:31:05 - beton_tasarim - INFO - Kullanıcı girişi başarılı: hsyndymz
2026-02-03 23:31:05 - beton_tasarim - INFO - Uygulama başlatıldı.
2026-02-03 23:31:06 - beton_tasarim - INFO - Uygulama başlatıldı.
2026-02-03 23:31:07 - beton_tasarim - INFO - Uygulama başlatıldı.
2026-02-03 23:31:07 - beton_tasarim - INFO - [User:hsyndymz] Kurumsal analiz yapıldı. Santral sayısı: 3
2026-02-03 23:31:07 - beton_tasarim - ERROR - [User:hsyndymz] Unexpected error in render_ai_training_tab: Value of 'color' is not the name of a column in 'data_frame'. Expected one of ['id', 'date', 'cement', 'water', 'ash', 'air', 'admixture', 'd28', 'project', 'timestamp', 'wc'] but received: class - Exception: Value of 'color' is not the name of a column in 'data_frame'. Expected one of ['id', 'date', 'cement', 'water', 'ash', 'air', 'admixture', 'd28', 'project', 'timestamp', 'wc'] but received: class
2026-02-03 23:32:28 - beton_tasarim - INFO - Uygulama başlatıldı.
2026-02-03 23:32:29 - beton_tasarim - INFO - [User:hsyndymz] Kurumsal analiz yapıldı. Santral sayısı: 3
2026-02-03 23:32:29 - beton_tasarim - ERROR - [User:hsyndymz] Unexpected error in render_ai_training_tab: Value of 'color' is not the name of a column in 'data_frame'. Expected one of ['id', 'date', 'cement', 'water', 'ash', 'air', 'admixture', 'd28', 'project', 'timestamp', 'wc'] but received: class - Exception: Value of 'color' is not the name of a column in 'data_frame'. Expected one of ['id', 'date', 'cement', 'water', 'ash', 'air', 'admixture', 'd28', 'project', 'timestamp', 'wc'] but received: class
2026-02-03 23:38:03 - beton_tasarim - INFO - Uygulama başlatıldı.
2026-02-03 23:38:07 - beton_tasarim - INFO - Uygulama başlatıldı.
2026-02-03 23:38:12 - beton_tasarim - INFO - Uygulama başlatıldı.
2026-02-03 23:38:12 - beton_tasarim - INFO - Uygulama başlatıldı.
2026-02-03 23:38:12 - beton_tasarim - INFO - Kullanıcı girişi başarılı: hsyndymz
2026-02-03 23:38:13 - beton_tasarim - INFO - Uygulama başlatıldı.
2026-02-03 23:38:14 - beton_tasarim - INFO - Uygulama başlatıldı.
2026-02-03 23:38:14 - beton_tasarim - INFO - Uygulama başlatıldı.
2026-02-03 23:38:17 - beton_tasarim - DEBUG - [User:hsyndymz] Tab 1 rendered
2026-02-03 23:38:17 - beton_tasarim - DEBUG - Cache set for calculate_theoretical_mpa
2026-02-03 23:38:18 - beton_tasarim - DEBUG - Cache set for get_std_limits
2026-02-03 23:38:18 - beton_tasarim - DEBUG - Cache set for get_std_limits
2026-02-03 23:38:18 - beton_tasarim - DEBUG - Cache set for get_std_limits
2026-02-03 23:38:18 - beton_tasarim - DEBUG - Cache hit for get_std_limits
2026-02-03 23:38:18 - beton_tasarim - INFO - [User:hsyndymz] Kurumsal analiz yapıldı. Santral sayısı: 3
2026-02-03 23:38:18 - beton_tasarim - ERROR - [User:hsyndymz] Unexpected error in render_ai_training_tab: Value of 'color' is not the name of a column in 'data_frame'. Expected one of ['id', 'date', 'cement', 'water', 'ash', 'air', 'admixture', 'd28', 'project', 'timestamp', 'wc'] but received: class - Exception: Value of 'color' is not the name of a column in 'data_frame'. Expected one of ['id', 'date', 'cement', 'water', 'ash', 'air', 'admixture', 'd28', 'project', 'timestamp', 'wc'] but received: class
2026-02-03 23:38:22 - beton_tasarim - INFO - Uygulama başlatıldı.
2026-02-03 23:38:22 - beton_tasarim - DEBUG - [User:hsyndymz] Tab 1 rendered
2026-02-03 23:38:23 - beton_tasarim - DEBUG - Cache hit for calculate_theoretical_mpa
2026-02-03 23:38:23 - beton_tasarim - DEBUG - Cache hit for get_std_limits
2026-02-03 23:38:23 - beton_tasarim - DEBUG - Cache hit for get_std_limits
2026-02-03 23:38:23 - beton_tasarim - DEBUG - Cache hit for get_std_limits
2026-02-03 23:38:23 - beton_tasarim - DEBUG - Cache hit for get_std_limits
2026-02-03 23:38:23 - beton_tasarim - DEBUG - Cache hit for get_std_limits
2026-02-03 23:38:23 - beton_tasarim - INFO - [User:hsyndymz] Kurumsal analiz yapıldı. Santral sayısı: 3
2026-02-03 23:38:23 - beton_tasarim - ERROR - [User:hsyndymz] Unexpected error in render_ai_training_tab: Value of 'color' is not the name of a column in 'data_frame'. Expected one of ['id', 'date', 'cement', 'water', 'ash', 'air', 'admixture', 'd28', 'project', 'timestamp', 'wc'] but received: class - Exception: Value of 'color' is not the name of a column in 'data_frame'. Expected one of ['id', 'date', 'cement', 'water', 'ash', 'air', 'admixture', 'd28', 'project', 'timestamp', 'wc'] but received: class
